11:48:03.156 [INFO] [org.gradle.launcher.daemon.server.Daemon] start() called on daemon - DefaultDaemonContext[uid=ca367b15-dc76-453c-a72c-8cc41098828e,javaHome=C:\Program Files\Java\jdk1.7.0_80,daemonRegistryDir=C:\Users\IEUser\.gradle\daemon,pid=1828,idleTimeout=10800000,daemonOpts=-XX:MaxPermSize=256m,-XX:+HeapDumpOnOutOfMemoryError,-Xmx1024m,-Dfile.encoding=windows-1252,-Duser.country=US,-Duser.language=en,-Duser.variant]
11:48:03.160 [DEBUG] [org.gradle.launcher.daemon.server.DaemonStateCoordinator] updating lastActivityAt to 1462474083160
11:48:03.201 [DEBUG] [org.gradle.messaging.remote.internal.inet.InetAddressFactory] Adding IP addresses for network interface Software Loopback Interface 1
11:48:03.203 [DEBUG] [org.gradle.messaging.remote.internal.inet.InetAddressFactory] Is this a loopback interface? true
11:48:03.204 [DEBUG] [org.gradle.messaging.remote.internal.inet.InetAddressFactory] Is this a multicast interface? true
11:48:03.205 [DEBUG] [org.gradle.messaging.remote.internal.inet.InetAddressFactory] Adding loopback address /127.0.0.1
11:48:03.205 [DEBUG] [org.gradle.messaging.remote.internal.inet.InetAddressFactory] Adding loopback address /0:0:0:0:0:0:0:1
11:48:03.206 [DEBUG] [org.gradle.messaging.remote.internal.inet.InetAddressFactory] Adding loopback multicast interface Software Loopback Interface 1
11:48:03.206 [DEBUG] [org.gradle.messaging.remote.internal.inet.InetAddressFactory] Adding IP addresses for network interface WAN Miniport (SSTP)
11:48:03.208 [DEBUG] [org.gradle.messaging.remote.internal.inet.InetAddressFactory] Is this a loopback interface? false
11:48:03.209 [DEBUG] [org.gradle.messaging.remote.internal.inet.InetAddressFactory] Is this a multicast interface? true
11:48:03.209 [DEBUG] [org.gradle.messaging.remote.internal.inet.InetAddressFactory] Adding loopback multicast interface WAN Miniport (SSTP)
11:48:03.209 [DEBUG] [org.gradle.messaging.remote.internal.inet.InetAddressFactory] Adding IP addresses for network interface WAN Miniport (L2TP)
11:48:03.209 [DEBUG] [org.gradle.messaging.remote.internal.inet.InetAddressFactory] Is this a loopback interface? false
11:48:03.209 [DEBUG] [org.gradle.messaging.remote.internal.inet.InetAddressFactory] Is this a multicast interface? true
11:48:03.209 [DEBUG] [org.gradle.messaging.remote.internal.inet.InetAddressFactory] Adding loopback multicast interface WAN Miniport (L2TP)
11:48:03.209 [DEBUG] [org.gradle.messaging.remote.internal.inet.InetAddressFactory] Adding IP addresses for network interface WAN Miniport (PPTP)
11:48:03.209 [DEBUG] [org.gradle.messaging.remote.internal.inet.InetAddressFactory] Is this a loopback interface? false
11:48:03.209 [DEBUG] [org.gradle.messaging.remote.internal.inet.InetAddressFactory] Is this a multicast interface? true
11:48:03.209 [DEBUG] [org.gradle.messaging.remote.internal.inet.InetAddressFactory] Adding loopback multicast interface WAN Miniport (PPTP)
11:48:03.209 [DEBUG] [org.gradle.messaging.remote.internal.inet.InetAddressFactory] Adding IP addresses for network interface WAN Miniport (PPPOE)
11:48:03.209 [DEBUG] [org.gradle.messaging.remote.internal.inet.InetAddressFactory] Is this a loopback interface? false
11:48:03.209 [DEBUG] [org.gradle.messaging.remote.internal.inet.InetAddressFactory] Is this a multicast interface? true
11:48:03.209 [DEBUG] [org.gradle.messaging.remote.internal.inet.InetAddressFactory] Adding loopback multicast interface WAN Miniport (PPPOE)
11:48:03.209 [DEBUG] [org.gradle.messaging.remote.internal.inet.InetAddressFactory] Adding IP addresses for network interface WAN Miniport (IPv6)
11:48:03.209 [DEBUG] [org.gradle.messaging.remote.internal.inet.InetAddressFactory] Is this a loopback interface? false
11:48:03.225 [DEBUG] [org.gradle.messaging.remote.internal.inet.InetAddressFactory] Is this a multicast interface? true
11:48:03.225 [DEBUG] [org.gradle.messaging.remote.internal.inet.InetAddressFactory] Adding loopback multicast interface WAN Miniport (IPv6)
11:48:03.225 [DEBUG] [org.gradle.messaging.remote.internal.inet.InetAddressFactory] Adding IP addresses for network interface WAN Miniport (Network Monitor)
11:48:03.226 [DEBUG] [org.gradle.messaging.remote.internal.inet.InetAddressFactory] Is this a loopback interface? false
11:48:03.228 [DEBUG] [org.gradle.messaging.remote.internal.inet.InetAddressFactory] Is this a multicast interface? true
11:48:03.228 [DEBUG] [org.gradle.messaging.remote.internal.inet.InetAddressFactory] Adding loopback multicast interface WAN Miniport (Network Monitor)
11:48:03.228 [DEBUG] [org.gradle.messaging.remote.internal.inet.InetAddressFactory] Adding IP addresses for network interface WAN Miniport (IP)
11:48:03.229 [DEBUG] [org.gradle.messaging.remote.internal.inet.InetAddressFactory] Is this a loopback interface? false
11:48:03.230 [DEBUG] [org.gradle.messaging.remote.internal.inet.InetAddressFactory] Is this a multicast interface? true
11:48:03.230 [DEBUG] [org.gradle.messaging.remote.internal.inet.InetAddressFactory] Adding loopback multicast interface WAN Miniport (IP)
11:48:03.231 [DEBUG] [org.gradle.messaging.remote.internal.inet.InetAddressFactory] Adding IP addresses for network interface RAS Async Adapter
11:48:03.232 [DEBUG] [org.gradle.messaging.remote.internal.inet.InetAddressFactory] Is this a loopback interface? false
11:48:03.232 [DEBUG] [org.gradle.messaging.remote.internal.inet.InetAddressFactory] Is this a multicast interface? true
11:48:03.232 [DEBUG] [org.gradle.messaging.remote.internal.inet.InetAddressFactory] Adding loopback multicast interface RAS Async Adapter
11:48:03.232 [DEBUG] [org.gradle.messaging.remote.internal.inet.InetAddressFactory] Adding IP addresses for network interface Microsoft Virtual Machine Bus Network Adapter
11:48:03.233 [DEBUG] [org.gradle.messaging.remote.internal.inet.InetAddressFactory] Is this a loopback interface? false
11:48:03.234 [DEBUG] [org.gradle.messaging.remote.internal.inet.InetAddressFactory] Is this a multicast interface? true
11:48:03.235 [DEBUG] [org.gradle.messaging.remote.internal.inet.InetAddressFactory] Adding loopback multicast interface Microsoft Virtual Machine Bus Network Adapter
11:48:03.235 [DEBUG] [org.gradle.messaging.remote.internal.inet.InetAddressFactory] Adding IP addresses for network interface Microsoft ISATAP Adapter
11:48:03.236 [DEBUG] [org.gradle.messaging.remote.internal.inet.InetAddressFactory] Is this a loopback interface? false
11:48:03.237 [DEBUG] [org.gradle.messaging.remote.internal.inet.InetAddressFactory] Is this a multicast interface? false
11:48:03.237 [DEBUG] [org.gradle.messaging.remote.internal.inet.InetAddressFactory] Adding remote address /fe80:0:0:0:0:5efe:a00:20f%11
11:48:03.237 [DEBUG] [org.gradle.messaging.remote.internal.inet.InetAddressFactory] Adding IP addresses for network interface WAN Miniport (IKEv2)
11:48:03.239 [DEBUG] [org.gradle.messaging.remote.internal.inet.InetAddressFactory] Is this a loopback interface? false
11:48:03.239 [DEBUG] [org.gradle.messaging.remote.internal.inet.InetAddressFactory] Is this a multicast interface? true
11:48:03.239 [DEBUG] [org.gradle.messaging.remote.internal.inet.InetAddressFactory] Adding loopback multicast interface WAN Miniport (IKEv2)
11:48:03.239 [DEBUG] [org.gradle.messaging.remote.internal.inet.InetAddressFactory] Adding IP addresses for network interface Intel(R) PRO/1000 MT Desktop Adapter
11:48:03.240 [DEBUG] [org.gradle.messaging.remote.internal.inet.InetAddressFactory] Is this a loopback interface? false
11:48:03.241 [DEBUG] [org.gradle.messaging.remote.internal.inet.InetAddressFactory] Is this a multicast interface? true
11:48:03.241 [DEBUG] [org.gradle.messaging.remote.internal.inet.InetAddressFactory] Adding remote address /10.0.2.15
11:48:03.242 [DEBUG] [org.gradle.messaging.remote.internal.inet.InetAddressFactory] Adding remote address /fe80:0:0:0:15df:c4ba:ac73:a179%13
11:48:03.242 [DEBUG] [org.gradle.messaging.remote.internal.inet.InetAddressFactory] Adding remote multicast interface Intel(R) PRO/1000 MT Desktop Adapter
11:48:03.242 [DEBUG] [org.gradle.messaging.remote.internal.inet.InetAddressFactory] Adding IP addresses for network interface Intel(R) PRO/1000 MT Desktop Adapter-QoS Packet Scheduler-0000
11:48:03.243 [DEBUG] [org.gradle.messaging.remote.internal.inet.InetAddressFactory] Is this a loopback interface? false
11:48:03.244 [DEBUG] [org.gradle.messaging.remote.internal.inet.InetAddressFactory] Is this a multicast interface? true
11:48:03.244 [DEBUG] [org.gradle.messaging.remote.internal.inet.InetAddressFactory] Adding loopback multicast interface Intel(R) PRO/1000 MT Desktop Adapter-QoS Packet Scheduler-0000
11:48:03.244 [DEBUG] [org.gradle.messaging.remote.internal.inet.InetAddressFactory] Adding IP addresses for network interface Intel(R) PRO/1000 MT Desktop Adapter-WFP LightWeight Filter-0000
11:48:03.246 [DEBUG] [org.gradle.messaging.remote.internal.inet.InetAddressFactory] Is this a loopback interface? false
11:48:03.246 [DEBUG] [org.gradle.messaging.remote.internal.inet.InetAddressFactory] Is this a multicast interface? true
11:48:03.246 [DEBUG] [org.gradle.messaging.remote.internal.inet.InetAddressFactory] Adding loopback multicast interface Intel(R) PRO/1000 MT Desktop Adapter-WFP LightWeight Filter-0000
11:48:03.246 [DEBUG] [org.gradle.messaging.remote.internal.inet.InetAddressFactory] Adding IP addresses for network interface WAN Miniport (IPv6)-QoS Packet Scheduler-0000
11:48:03.247 [DEBUG] [org.gradle.messaging.remote.internal.inet.InetAddressFactory] Is this a loopback interface? false
11:48:03.249 [DEBUG] [org.gradle.messaging.remote.internal.inet.InetAddressFactory] Is this a multicast interface? true
11:48:03.249 [DEBUG] [org.gradle.messaging.remote.internal.inet.InetAddressFactory] Adding loopback multicast interface WAN Miniport (IPv6)-QoS Packet Scheduler-0000
11:48:03.249 [DEBUG] [org.gradle.messaging.remote.internal.inet.InetAddressFactory] Adding IP addresses for network interface WAN Miniport (IP)-QoS Packet Scheduler-0000
11:48:03.250 [DEBUG] [org.gradle.messaging.remote.internal.inet.InetAddressFactory] Is this a loopback interface? false
11:48:03.251 [DEBUG] [org.gradle.messaging.remote.internal.inet.InetAddressFactory] Is this a multicast interface? true
11:48:03.251 [DEBUG] [org.gradle.messaging.remote.internal.inet.InetAddressFactory] Adding loopback multicast interface WAN Miniport (IP)-QoS Packet Scheduler-0000
11:48:03.252 [DEBUG] [org.gradle.messaging.remote.internal.inet.InetAddressFactory] Adding IP addresses for network interface WAN Miniport (Network Monitor)-QoS Packet Scheduler-0000
11:48:03.253 [DEBUG] [org.gradle.messaging.remote.internal.inet.InetAddressFactory] Is this a loopback interface? false
11:48:03.254 [DEBUG] [org.gradle.messaging.remote.internal.inet.InetAddressFactory] Is this a multicast interface? true
11:48:03.254 [DEBUG] [org.gradle.messaging.remote.internal.inet.InetAddressFactory] Adding loopback multicast interface WAN Miniport (Network Monitor)-QoS Packet Scheduler-0000
11:48:03.307 [DEBUG] [org.gradle.messaging.remote.internal.inet.TcpIncomingConnector] Listening on [f6dfe09d-4cc2-4e0a-b67c-50c8e05aa918 port:57193, addresses:[/127.0.0.1, /0:0:0:0:0:0:0:1]].
11:48:03.310 [DEBUG] [org.gradle.launcher.daemon.server.Daemon] Daemon starting at: Thu May 05 11:48:03 PDT 2016, with address: [f6dfe09d-4cc2-4e0a-b67c-50c8e05aa918 port:57193, addresses:[/127.0.0.1, /0:0:0:0:0:0:0:1]]
11:48:03.310 [INFO] [org.gradle.launcher.daemon.server.DomainRegistryUpdater] Advertising the daemon address to the clients: [f6dfe09d-4cc2-4e0a-b67c-50c8e05aa918 port:57193, addresses:[/127.0.0.1, /0:0:0:0:0:0:0:1]]
11:48:03.310 [DEBUG] [org.gradle.launcher.daemon.server.DomainRegistryUpdater] Advertised daemon context: DefaultDaemonContext[uid=ca367b15-dc76-453c-a72c-8cc41098828e,javaHome=C:\Program Files\Java\jdk1.7.0_80,daemonRegistryDir=C:\Users\IEUser\.gradle\daemon,pid=1828,idleTimeout=10800000,daemonOpts=-XX:MaxPermSize=256m,-XX:+HeapDumpOnOutOfMemoryError,-Xmx1024m,-Dfile.encoding=windows-1252,-Duser.country=US,-Duser.language=en,-Duser.variant]
11:48:03.311 [DEBUG] [org.gradle.launcher.daemon.registry.PersistentDaemonRegistry] Storing daemon address: [f6dfe09d-4cc2-4e0a-b67c-50c8e05aa918 port:57193, addresses:[/127.0.0.1, /0:0:0:0:0:0:0:1]], context: DefaultDaemonContext[uid=ca367b15-dc76-453c-a72c-8cc41098828e,javaHome=C:\Program Files\Java\jdk1.7.0_80,daemonRegistryDir=C:\Users\IEUser\.gradle\daemon,pid=1828,idleTimeout=10800000,daemonOpts=-XX:MaxPermSize=256m,-XX:+HeapDumpOnOutOfMemoryError,-Xmx1024m,-Dfile.encoding=windows-1252,-Duser.country=US,-Duser.language=en,-Duser.variant]
11:48:03.325 [DEBUG] [org.gradle.cache.internal.DefaultFileLockManager] Waiting to acquire exclusive lock on daemon addresses registry.
11:48:03.326 [DEBUG] [org.gradle.cache.internal.DefaultFileLockManager] Lock acquired.
11:48:03.327 [DEBUG] [org.gradle.cache.internal.DefaultFileLockManager] Releasing lock on daemon addresses registry.
11:48:03.330 [DEBUG] [org.gradle.cache.internal.DefaultFileLockManager] Waiting to acquire exclusive lock on daemon addresses registry.
11:48:03.331 [DEBUG] [org.gradle.cache.internal.DefaultFileLockManager] Lock acquired.
11:48:03.345 [DEBUG] [org.gradle.cache.internal.DefaultFileLockManager] Releasing lock on daemon addresses registry.
11:48:03.345 [LIFECYCLE] [org.gradle.launcher.daemon.server.Daemon] Daemon server started.
11:48:03.347 [DEBUG] [org.gradle.launcher.daemon.bootstrap.DaemonStartupCommunication] Completed writing the daemon greeting. Closing streams...
11:48:03.348 [DEBUG] [org.gradle.launcher.daemon.server.Daemon] requestStopOnIdleTimeout(10800000 MILLISECONDS) called on daemon
11:48:03.348 [DEBUG] [org.gradle.launcher.daemon.server.DaemonStateCoordinator] Idle timeout: waiting for daemon to stop or be idle for 10800000ms
11:48:03.348 [DEBUG] [org.gradle.launcher.daemon.server.DaemonStateCoordinator] Daemon is idle, sleeping until state change or idle timeout at Thu May 05 14:48:03 PDT 2016
11:48:03.393 [DEBUG] [org.gradle.messaging.remote.internal.inet.TcpIncomingConnector] Accepted connection from /127.0.0.1:57194 to /127.0.0.1:57193.
11:48:03.464 [DEBUG] [org.gradle.launcher.daemon.server.SynchronizedDispatchConnection] thread 13: received class org.gradle.launcher.daemon.protocol.Build
11:48:03.464 [DEBUG] [org.gradle.launcher.daemon.server.DefaultDaemonConnection] Received non-IO message from client: Build{id=3c175593-51b6-4a21-b439-5807ae60e7fa.1, currentDir=C:\Users\IEUser\Documents\ftc_app}
11:48:03.464 [INFO] [org.gradle.launcher.daemon.server.DefaultIncomingConnectionHandler] Received command: Build{id=3c175593-51b6-4a21-b439-5807ae60e7fa.1, currentDir=C:\Users\IEUser\Documents\ftc_app}.
11:48:03.464 [DEBUG] [org.gradle.launcher.daemon.server.DefaultIncomingConnectionHandler] Starting executing command: Build{id=3c175593-51b6-4a21-b439-5807ae60e7fa.1, currentDir=C:\Users\IEUser\Documents\ftc_app} with connection: socket connection from /127.0.0.1:57193 to /127.0.0.1:57194.
11:48:03.475 [DEBUG] [org.gradle.launcher.daemon.server.DaemonStateCoordinator] Command execution: started DaemonCommandExecution[command = Build{id=3c175593-51b6-4a21-b439-5807ae60e7fa.1, currentDir=C:\Users\IEUser\Documents\ftc_app}, connection = org.gradle.launcher.daemon.server.DefaultDaemonConnection@87ff18] after 0.0 minutes of idle
11:48:03.475 [INFO] [org.gradle.launcher.daemon.server.DomainRegistryUpdater] Marking the daemon as busy, address: [f6dfe09d-4cc2-4e0a-b67c-50c8e05aa918 port:57193, addresses:[/127.0.0.1, /0:0:0:0:0:0:0:1]]
11:48:03.475 [DEBUG] [org.gradle.launcher.daemon.registry.PersistentDaemonRegistry] Marking busy by address: [f6dfe09d-4cc2-4e0a-b67c-50c8e05aa918 port:57193, addresses:[/127.0.0.1, /0:0:0:0:0:0:0:1]]
11:48:03.476 [DEBUG] [org.gradle.cache.internal.DefaultFileLockManager] Waiting to acquire exclusive lock on daemon addresses registry.
11:48:03.476 [DEBUG] [org.gradle.cache.internal.DefaultFileLockManager] Lock acquired.
11:48:03.482 [DEBUG] [org.gradle.cache.internal.DefaultFileLockManager] Releasing lock on daemon addresses registry.
11:48:03.483 [DEBUG] [org.gradle.launcher.daemon.server.DaemonStateCoordinator] updating lastActivityAt to 1462474083483
11:48:03.483 [DEBUG] [org.gradle.launcher.daemon.server.DaemonStateCoordinator] Daemon is busy, sleeping until state changes.
11:48:03.484 [INFO] [org.gradle.launcher.daemon.server.exec.StartBuildOrRespondWithBusy] Daemon is about to start building Build{id=3c175593-51b6-4a21-b439-5807ae60e7fa.1, currentDir=C:\Users\IEUser\Documents\ftc_app}. Dispatching build started information...
11:48:03.484 [DEBUG] [org.gradle.launcher.daemon.server.SynchronizedDispatchConnection] thread 15: dispatching class org.gradle.launcher.daemon.protocol.BuildStarted
11:48:03.486 [DEBUG] [org.gradle.launcher.daemon.server.exec.EstablishBuildEnvironment] Configuring env variables: {USERPROFILE=C:\Users\IEUser, ProgramData=C:\ProgramData, PATHEXT=.COM;.EXE;.BAT;.CMD;.VBS;.VBE;.JS;.JSE;.WSF;.WSH;.MSC, JAVA_HOME=C:\Program Files\Java\jdk1.7.0_80, TEMP=C:\Users\IEUser\AppData\Local\Temp, SystemDrive=C:, ProgramFiles=C:\Program Files, Path=C:\ProgramData\Oracle\Java\javapath;C:\Windows\system32;C:\Windows;C:\Windows\System32\Wbem;C:\Windows\System32\WindowsPowerShell\v1.0\;C:\Program Files\Git\cmd, HOMEDRIVE=C:, PROCESSOR_REVISION=3c03, USERDOMAIN=IE11WIN7, ALLUSERSPROFILE=C:\ProgramData, PROCESSOR_IDENTIFIER=x86 Family 6 Model 60 Stepping 3, GenuineIntel, SESSIONNAME=Console, TMP=C:\Users\IEUser\AppData\Local\Temp, CommonProgramFiles=C:\Program Files\Common Files, =::=::\, LOGONSERVER=\\IE11WIN7, PROCESSOR_ARCHITECTURE=x86, FP_NO_HOST_CHECK=NO, OS=Windows_NT, HOMEPATH=\Users\IEUser, PROCESSOR_LEVEL=6, LOCALAPPDATA=C:\Users\IEUser\AppData\Local, COMPUTERNAME=IE11WIN7, windir=C:\Windows, SystemRoot=C:\Windows, NUMBER_OF_PROCESSORS=4, USERNAME=IEUser, PUBLIC=C:\Users\Public, PSModulePath=C:\Windows\system32\WindowsPowerShell\v1.0\Modules\, ANDROID_HOME=C:\Users\IEUser\AppData\Local\Android\android-sdk, ComSpec=C:\Windows\system32\cmd.exe, APPDATA=C:\Users\IEUser\AppData\Roaming}
11:48:03.494 [DEBUG] [org.gradle.launcher.daemon.server.SynchronizedDispatchConnection] thread 13: received class org.gradle.launcher.daemon.protocol.CloseInput
11:48:03.494 [DEBUG] [org.gradle.launcher.daemon.server.DefaultDaemonConnection] Received IO message from client: org.gradle.launcher.daemon.protocol.CloseInput@c8ace6
11:48:03.499 [DEBUG] [org.gradle.launcher.daemon.server.exec.LogToClient] About to start relaying all logs to the client via the connection.
11:48:03.500 [INFO] [org.gradle.launcher.daemon.server.exec.LogToClient] The client will now receive all logging from the daemon (pid: 1828). The daemon log file: C:\Users\IEUser\.gradle\daemon\2.8\daemon-1828.out.log
11:48:03.508 [INFO] [org.gradle.launcher.daemon.server.health.DaemonHealthTracker] Starting build in new daemon [memory: 1.0 GB]
11:48:03.508 [INFO] [org.gradle.launcher.daemon.server.exec.ForwardClientInput] Closing daemon's stdin at end of input.
11:48:03.508 [INFO] [org.gradle.launcher.daemon.server.exec.ForwardClientInput] The daemon will no longer process any standard input.
11:48:03.513 [DEBUG] [org.gradle.launcher.daemon.server.exec.ExecuteBuild] The daemon has started executing the build.
11:48:03.513 [INFO] [org.gradle.launcher.daemon.server.exec.ExecuteBuild] Executing build with daemon context: DefaultDaemonContext[uid=ca367b15-dc76-453c-a72c-8cc41098828e,javaHome=C:\Program Files\Java\jdk1.7.0_80,daemonRegistryDir=C:\Users\IEUser\.gradle\daemon,pid=1828,idleTimeout=10800000,daemonOpts=-XX:MaxPermSize=256m,-XX:+HeapDumpOnOutOfMemoryError,-Xmx1024m,-Dfile.encoding=windows-1252,-Duser.country=US,-Duser.language=en,-Duser.variant]
11:48:03.900 [DEBUG] [org.gradle.internal.nativeintegration.services.NativeServices] Native-platform posix files is not available.  Continuing with fallback.
11:48:04.053 [INFO] [org.gradle.tooling.internal.provider.DefaultPayloadClassLoaderRegistry] Creating ClassLoader e20efcdb-fdca-4ad8-98a2-9f0543c305be from [Spec classpath:[file:/C:/Program%20Files/Android/Android%20Studio/plugins/gradle/lib/gradle-tooling-api-2.2.jar, file:/C:/Program%20Files/Android/Android%20Studio/plugins/gradle/lib/guava-jdk5-17.0.jar, file:/C:/Program%20Files/Android/Android%20Studio/plugins/gradle/lib/gradle-base-services-2.2.jar, file:/C:/Program%20Files/Android/Android%20Studio/plugins/gradle/lib/gradle-tooling-extension-api.jar, file:/C:/Program%20Files/Android/Android%20Studio/lib/openapi.jar, file:/C:/Program%20Files/Android/Android%20Studio/plugins/android/lib/builder-model-1.5.0-beta2.jar, file:/C:/Program%20Files/Android/Android%20Studio/plugins/google-cloud-tools-core/lib/gradle-appengine-builder-model-0.1.0.jar]] and [org.gradle.internal.classloader.FilteringClassLoader@121c69b].
11:48:04.055 [DEBUG] [org.gradle.cache.internal.DefaultFileLockManager] Waiting to acquire exclusive lock on jars (C:\Users\IEUser\.gradle\caches\jars-1).
11:48:04.056 [DEBUG] [org.gradle.cache.internal.DefaultFileLockManager] Lock acquired.
11:48:04.056 [DEBUG] [org.gradle.cache.internal.DefaultPersistentDirectoryCache] Invalidating org.gradle.cache.internal.DefaultPersistentDirectoryCache$Initializer@c76ec3 as it was not closed cleanly.
11:48:04.059 [DEBUG] [org.gradle.cache.internal.locklistener.DefaultFileLockContentionHandler] Starting file lock listener thread.
Download https://jcenter.bintray.com/com/android/tools/build/gradle/1.2.3/gradle-1.2.3.pom
Download https://jcenter.bintray.com/com/android/tools/build/gradle-core/1.2.3/gradle-core-1.2.3.pom
Download https://jcenter.bintray.com/com/android/tools/build/builder/1.2.3/builder-1.2.3.pom
Download https://jcenter.bintray.com/com/android/tools/lint/lint/24.2.3/lint-24.2.3.pom
Download https://jcenter.bintray.com/com/android/tools/build/builder-model/1.2.3/builder-model-1.2.3.pom
Download https://jcenter.bintray.com/com/android/tools/build/builder-test-api/1.2.3/builder-test-api-1.2.3.pom
Download https://jcenter.bintray.com/com/android/tools/sdklib/24.2.3/sdklib-24.2.3.pom
Download https://jcenter.bintray.com/com/android/tools/sdk-common/24.2.3/sdk-common-24.2.3.pom
Download https://jcenter.bintray.com/com/android/tools/common/24.2.3/common-24.2.3.pom
Download https://jcenter.bintray.com/com/android/tools/build/manifest-merger/24.2.3/manifest-merger-24.2.3.pom
Download https://jcenter.bintray.com/com/android/tools/ddms/ddmlib/24.2.3/ddmlib-24.2.3.pom
Download https://jcenter.bintray.com/com/android/tools/lint/lint-checks/24.2.3/lint-checks-24.2.3.pom
Download https://jcenter.bintray.com/com/android/tools/annotations/24.2.3/annotations-24.2.3.pom
Download https://jcenter.bintray.com/com/android/tools/layoutlib/layoutlib-api/24.2.3/layoutlib-api-24.2.3.pom
Download https://jcenter.bintray.com/com/android/tools/dvlib/24.2.3/dvlib-24.2.3.pom
Download https://jcenter.bintray.com/com/android/tools/lint/lint-api/24.2.3/lint-api-24.2.3.pom
Download https://jcenter.bintray.com/com/android/tools/build/gradle/1.2.3/gradle-1.2.3.jar
Download https://jcenter.bintray.com/com/android/tools/build/gradle-core/1.2.3/gradle-core-1.2.3.jar
Download https://jcenter.bintray.com/com/android/tools/build/builder/1.2.3/builder-1.2.3.jar
Download https://jcenter.bintray.com/com/android/tools/lint/lint/24.2.3/lint-24.2.3.jar
Download https://jcenter.bintray.com/com/android/tools/build/builder-model/1.2.3/builder-model-1.2.3.jar
Download https://jcenter.bintray.com/com/android/tools/build/builder-test-api/1.2.3/builder-test-api-1.2.3.jar
Download https://jcenter.bintray.com/com/android/tools/sdklib/24.2.3/sdklib-24.2.3.jar
Download https://jcenter.bintray.com/com/android/tools/sdk-common/24.2.3/sdk-common-24.2.3.jar
Download https://jcenter.bintray.com/com/android/tools/common/24.2.3/common-24.2.3.jar
Download https://jcenter.bintray.com/com/android/tools/build/manifest-merger/24.2.3/manifest-merger-24.2.3.jar
Download https://jcenter.bintray.com/com/android/tools/ddms/ddmlib/24.2.3/ddmlib-24.2.3.jar
Download https://jcenter.bintray.com/com/android/tools/lint/lint-checks/24.2.3/lint-checks-24.2.3.jar
Download https://jcenter.bintray.com/com/android/tools/annotations/24.2.3/annotations-24.2.3.jar
Download https://jcenter.bintray.com/com/android/tools/layoutlib/layoutlib-api/24.2.3/layoutlib-api-24.2.3.jar
Download https://jcenter.bintray.com/com/android/tools/dvlib/24.2.3/dvlib-24.2.3.jar
Download https://jcenter.bintray.com/com/android/tools/lint/lint-api/24.2.3/lint-api-24.2.3.jar

BUILD SUCCESSFUL

Total time: 33.852 secs
Download https://jcenter.bintray.com/com/android/tools/build/gradle/1.2.3/gradle-1.2.3-sources.jar
Download https://jcenter.bintray.com/com/android/tools/build/gradle-core/1.2.3/gradle-core-1.2.3-sources.jar
Download https://jcenter.bintray.com/com/android/tools/build/builder/1.2.3/builder-1.2.3-sources.jar
Download https://jcenter.bintray.com/com/android/tools/lint/lint/24.2.3/lint-24.2.3-sources.jar
Download https://jcenter.bintray.com/com/android/tools/build/builder-model/1.2.3/builder-model-1.2.3-sources.jar
Download https://jcenter.bintray.com/com/android/tools/build/builder-test-api/1.2.3/builder-test-api-1.2.3-sources.jar
Download https://jcenter.bintray.com/com/android/tools/sdklib/24.2.3/sdklib-24.2.3-sources.jar
Download https://jcenter.bintray.com/com/android/tools/sdk-common/24.2.3/sdk-common-24.2.3-sources.jar
Download https://jcenter.bintray.com/com/android/tools/common/24.2.3/common-24.2.3-sources.jar
Download https://jcenter.bintray.com/com/android/tools/build/manifest-merger/24.2.3/manifest-merger-24.2.3-sources.jar
Download https://jcenter.bintray.com/com/android/tools/ddms/ddmlib/24.2.3/ddmlib-24.2.3-sources.jar
Download https://jcenter.bintray.com/com/android/tools/lint/lint-checks/24.2.3/lint-checks-24.2.3-sources.jar
Download https://jcenter.bintray.com/com/android/tools/annotations/24.2.3/annotations-24.2.3-sources.jar
Download https://jcenter.bintray.com/com/android/tools/layoutlib/layoutlib-api/24.2.3/layoutlib-api-24.2.3-sources.jar
Download https://jcenter.bintray.com/com/android/tools/dvlib/24.2.3/dvlib-24.2.3-sources.jar
Download https://jcenter.bintray.com/com/android/tools/lint/lint-api/24.2.3/lint-api-24.2.3-sources.jar
11:48:50.143 [DEBUG] [org.gradle.cache.internal.DefaultFileLockManager] Releasing lock on cp_init class cache for initialization script 'C:\Users\IEUser\AppData\Local\Temp\asLocalRepo0.gradle' (C:\Users\IEUser\.gradle\caches\2.8\scripts\asLocalRepo0_d5iazzgcm3inek59128sxci2q\cp_init).
11:48:50.143 [DEBUG] [org.gradle.cache.internal.DefaultFileLockManager] Releasing lock on init class cache for initialization script 'C:\Users\IEUser\AppData\Local\Temp\asLocalRepo0.gradle' (C:\Users\IEUser\.gradle\caches\2.8\scripts\asLocalRepo0_d5iazzgcm3inek59128sxci2q\init).
11:48:50.144 [DEBUG] [org.gradle.cache.internal.DefaultFileLockManager] Releasing lock on cp_init class cache for initialization script 'C:\Users\IEUser\AppData\Local\Temp\ijinit0.gradle' (C:\Users\IEUser\.gradle\caches\2.8\scripts\ijinit0_e9vfc99r3odof414zxm6lnxe2\cp_init).
11:48:50.144 [DEBUG] [org.gradle.cache.internal.DefaultFileLockManager] Releasing lock on init class cache for initialization script 'C:\Users\IEUser\AppData\Local\Temp\ijinit0.gradle' (C:\Users\IEUser\.gradle\caches\2.8\scripts\ijinit0_e9vfc99r3odof414zxm6lnxe2\init).
11:48:50.144 [DEBUG] [org.gradle.cache.internal.DefaultFileLockManager] Releasing lock on cp_settings class cache for settings file 'C:\Users\IEUser\Documents\ftc_app\settings.gradle' (C:\Users\IEUser\.gradle\caches\2.8\scripts\settings_7b1m3ckbdkcnoqx8sjh88fxop\cp_settings).
11:48:50.144 [DEBUG] [org.gradle.cache.internal.DefaultFileLockManager] Releasing lock on settings class cache for settings file 'C:\Users\IEUser\Documents\ftc_app\settings.gradle' (C:\Users\IEUser\.gradle\caches\2.8\scripts\settings_7b1m3ckbdkcnoqx8sjh88fxop\settings).
11:48:50.144 [DEBUG] [org.gradle.cache.internal.DefaultFileLockManager] Releasing lock on cp_proj class cache for build file 'C:\Users\IEUser\Documents\ftc_app\build.gradle' (C:\Users\IEUser\.gradle\caches\2.8\scripts\build_49vkovoyqh2cvus9e0arui9m8\cp_proj).
11:48:50.144 [DEBUG] [org.gradle.cache.internal.DefaultFileLockManager] Releasing lock on proj class cache for build file 'C:\Users\IEUser\Documents\ftc_app\build.gradle' (C:\Users\IEUser\.gradle\caches\2.8\scripts\build_49vkovoyqh2cvus9e0arui9m8\proj).
11:48:50.145 [DEBUG] [org.gradle.cache.internal.DefaultFileLockManager] Releasing lock on cp_proj class cache for build file 'C:\Users\IEUser\Documents\ftc_app\FtcRobotController\build.gradle' (C:\Users\IEUser\.gradle\caches\2.8\scripts\build_7dlynzzvirl6lz38ag46xjup2\cp_proj).
11:48:50.145 [DEBUG] [org.gradle.cache.internal.DefaultFileLockManager] Releasing lock on proj class cache for build file 'C:\Users\IEUser\Documents\ftc_app\FtcRobotController\build.gradle' (C:\Users\IEUser\.gradle\caches\2.8\scripts\build_7dlynzzvirl6lz38ag46xjup2\proj).
11:48:50.151 [DEBUG] [org.gradle.cache.internal.DefaultFileLockManager] Releasing lock on jars (C:\Users\IEUser\.gradle\caches\jars-1).
11:48:50.152 [DEBUG] [org.gradle.api.internal.artifacts.ivyservice.resolveengine.store.CachedStoreFactory] Resolved configuration cache closed. Cache reads: 0, disk reads: 0 (avg: 0.0 secs, total: 0.0 secs)
11:48:50.152 [DEBUG] [org.gradle.api.internal.artifacts.ivyservice.resolveengine.store.CachedStoreFactory] Resolution result cache closed. Cache reads: 7, disk reads: 9 (avg: 0.011 secs, total: 0.103 secs)
11:48:50.152 [DEBUG] [org.gradle.api.internal.artifacts.ivyservice.resolveengine.store.ResolutionResultsStoreFactory] Deleted 2 resolution results binary files in 0.001 secs
11:48:50.153 [DEBUG] [org.gradle.api.internal.artifacts.ivyservice.ivyresolve.memcache.InMemoryCachedRepositoryFactory] In-memory dependency metadata cache closed. Repos cached: 51, cache instances: 4, modules served from cache: 419, artifacts: 150
11:48:50.153 [DEBUG] [org.gradle.cache.internal.btree.BTreePersistentIndexedCache] Closing cache artifact-at-repository.bin (C:\Users\IEUser\.gradle\caches\modules-2\metadata-2.16\artifact-at-repository.bin)
11:48:50.154 [DEBUG] [org.gradle.cache.internal.btree.BTreePersistentIndexedCache] Closing cache artifact-at-url.bin (C:\Users\IEUser\.gradle\caches\modules-2\metadata-2.16\artifact-at-url.bin)
11:48:50.154 [DEBUG] [org.gradle.cache.internal.btree.BTreePersistentIndexedCache] Closing cache module-artifacts.bin (C:\Users\IEUser\.gradle\caches\modules-2\metadata-2.16\module-artifacts.bin)
11:48:50.154 [DEBUG] [org.gradle.cache.internal.btree.BTreePersistentIndexedCache] Closing cache module-metadata.bin (C:\Users\IEUser\.gradle\caches\modules-2\metadata-2.16\module-metadata.bin)
11:48:50.154 [DEBUG] [org.gradle.cache.internal.DefaultFileLockManager] Releasing lock on artifact cache (C:\Users\IEUser\.gradle\caches\modules-2).
11:48:50.154 [DEBUG] [org.gradle.cache.internal.DefaultCacheAccess] Cache Plugin Resolution Cache (C:\Users\IEUser\.gradle\caches\2.8\plugin-resolution) was closed 0 times.
11:48:50.154 [DEBUG] [org.gradle.api.internal.tasks.compile.daemon.CompilerDaemonManager] Stopping 0 compiler daemon(s).
11:48:50.154 [INFO] [org.gradle.api.internal.tasks.compile.daemon.CompilerDaemonManager] Stopped 0 compiler daemon(s).
11:48:50.154 [DEBUG] [org.gradle.launcher.daemon.server.exec.ExecuteBuild] The daemon has finished executing the build.
11:48:50.279 [DEBUG] [org.apache.http.impl.conn.PoolingClientConnectionManager] Connection manager is shutting down
11:48:50.279 [DEBUG] [org.apache.http.impl.conn.DefaultClientConnection] Connection 0.0.0.0:57240<->108.168.243.150:443 closed
11:48:50.279 [DEBUG] [org.apache.http.impl.conn.DefaultClientConnection] Connection 0.0.0.0:57242<->96.17.186.214:443 closed
11:48:50.279 [DEBUG] [org.apache.http.impl.conn.DefaultClientConnection] Connection 0.0.0.0:57240<->108.168.243.150:443 closed
11:48:50.279 [DEBUG] [org.apache.http.impl.conn.DefaultClientConnection] Connection 0.0.0.0:57242<->96.17.186.214:443 closed
11:48:50.279 [DEBUG] [org.apache.http.impl.conn.PoolingClientConnectionManager] Connection manager shut down
11:48:50.281 [DEBUG] [org.gradle.launcher.daemon.server.DaemonStateCoordinator] Daemon is busy, sleeping until state changes.
11:48:50.281 [DEBUG] [org.gradle.launcher.daemon.server.DaemonStateCoordinator] Command execution: finished waiting for DaemonCommandExecution[command = Build{id=3c175593-51b6-4a21-b439-5807ae60e7fa.1, currentDir=C:\Users\IEUser\Documents\ftc_app}, connection = org.gradle.launcher.daemon.server.DefaultDaemonConnection@87ff18]. Result org.gradle.launcher.daemon.server.DaemonStateCoordinator@16bf842 with state Running
11:48:50.282 [DEBUG] [org.gradle.launcher.daemon.server.DaemonStateCoordinator] Command execution: completed DaemonCommandExecution[command = Build{id=3c175593-51b6-4a21-b439-5807ae60e7fa.1, currentDir=C:\Users\IEUser\Documents\ftc_app}, connection = org.gradle.launcher.daemon.server.DefaultDaemonConnection@87ff18]
11:48:50.282 [DEBUG] [org.gradle.launcher.daemon.server.DaemonStateCoordinator] updating lastActivityAt to 1462474130282
11:48:50.282 [INFO] [org.gradle.launcher.daemon.server.DomainRegistryUpdater] Marking the daemon as idle, address: [f6dfe09d-4cc2-4e0a-b67c-50c8e05aa918 port:57193, addresses:[/127.0.0.1, /0:0:0:0:0:0:0:1]]
11:48:50.282 [DEBUG] [org.gradle.launcher.daemon.registry.PersistentDaemonRegistry] Marking idle by address: [f6dfe09d-4cc2-4e0a-b67c-50c8e05aa918 port:57193, addresses:[/127.0.0.1, /0:0:0:0:0:0:0:1]]
11:48:50.283 [DEBUG] [org.gradle.cache.internal.DefaultFileLockManager] Waiting to acquire exclusive lock on daemon addresses registry.
11:48:50.283 [DEBUG] [org.gradle.cache.internal.DefaultFileLockManager] Lock acquired.
11:48:50.289 [DEBUG] [org.gradle.cache.internal.DefaultFileLockManager] Releasing lock on daemon addresses registry.
11:48:50.289 [DEBUG] [org.gradle.launcher.daemon.server.exec.ReturnResult] Daemon is dispatching the build result: Success[value=org.gradle.tooling.internal.provider.BuildActionResult@1570c5]
11:48:50.289 [DEBUG] [org.gradle.launcher.daemon.server.SynchronizedDispatchConnection] thread 12: dispatching class org.gradle.launcher.daemon.protocol.Success
11:48:50.289 [DEBUG] [org.gradle.launcher.daemon.server.DaemonStateCoordinator] Daemon is idle, sleeping until state change or idle timeout at Thu May 05 14:48:50 PDT 2016
11:48:50.308 [DEBUG] [org.gradle.launcher.daemon.server.DefaultIncomingConnectionHandler] Finishing executing command: Build{id=3c175593-51b6-4a21-b439-5807ae60e7fa.1, currentDir=C:\Users\IEUser\Documents\ftc_app}
11:48:50.309 [DEBUG] [org.gradle.launcher.daemon.server.SynchronizedDispatchConnection] thread 13: received class org.gradle.launcher.daemon.protocol.Finished
11:48:50.309 [DEBUG] [org.gradle.launcher.daemon.server.DefaultDaemonConnection] Received non-IO message from client: org.gradle.launcher.daemon.protocol.Finished@1efe6cc
11:48:50.310 [DEBUG] [org.gradle.messaging.remote.internal.inet.SocketConnection] Discarding EOFException: java.io.EOFException
11:48:50.310 [DEBUG] [org.gradle.launcher.daemon.server.SynchronizedDispatchConnection] thread 13: received null
11:48:50.310 [DEBUG] [org.gradle.launcher.daemon.server.DefaultDaemonConnection] Received end-of-input from client.
11:48:50.310 [DEBUG] [org.gradle.launcher.daemon.server.DefaultIncomingConnectionHandler] Received finished message: null
11:48:50.310 [DEBUG] [org.gradle.launcher.daemon.server.SynchronizedDispatchConnection] thread 12: stopping connection
11:48:50.311 [DEBUG] [org.gradle.launcher.daemon.server.SynchronizedDispatchConnection] thread 12: stopping connection
11:48:55.618 [DEBUG] [org.gradle.messaging.remote.internal.inet.TcpIncomingConnector] Accepted connection from /127.0.0.1:57264 to /127.0.0.1:57193.
11:48:55.641 [DEBUG] [org.gradle.launcher.daemon.server.SynchronizedDispatchConnection] thread 18: received class org.gradle.launcher.daemon.protocol.Build
11:48:55.641 [DEBUG] [org.gradle.launcher.daemon.server.DefaultDaemonConnection] Received non-IO message from client: Build{id=0eb4faa7-7992-4a74-b34b-be68f49de57c.1, currentDir=C:\Users\IEUser\Documents\ftc_app}
11:48:55.648 [INFO] [org.gradle.launcher.daemon.server.DefaultIncomingConnectionHandler] Received command: Build{id=0eb4faa7-7992-4a74-b34b-be68f49de57c.1, currentDir=C:\Users\IEUser\Documents\ftc_app}.
11:48:55.648 [DEBUG] [org.gradle.launcher.daemon.server.DefaultIncomingConnectionHandler] Starting executing command: Build{id=0eb4faa7-7992-4a74-b34b-be68f49de57c.1, currentDir=C:\Users\IEUser\Documents\ftc_app} with connection: socket connection from /127.0.0.1:57193 to /127.0.0.1:57264.
11:48:55.648 [DEBUG] [org.gradle.launcher.daemon.server.DaemonStateCoordinator] Command execution: started DaemonCommandExecution[command = Build{id=0eb4faa7-7992-4a74-b34b-be68f49de57c.1, currentDir=C:\Users\IEUser\Documents\ftc_app}, connection = org.gradle.launcher.daemon.server.DefaultDaemonConnection@192f0af] after 0.0 minutes of idle
11:48:55.648 [INFO] [org.gradle.launcher.daemon.server.DomainRegistryUpdater] Marking the daemon as busy, address: [f6dfe09d-4cc2-4e0a-b67c-50c8e05aa918 port:57193, addresses:[/127.0.0.1, /0:0:0:0:0:0:0:1]]
11:48:55.648 [DEBUG] [org.gradle.launcher.daemon.registry.PersistentDaemonRegistry] Marking busy by address: [f6dfe09d-4cc2-4e0a-b67c-50c8e05aa918 port:57193, addresses:[/127.0.0.1, /0:0:0:0:0:0:0:1]]
11:48:55.649 [DEBUG] [org.gradle.cache.internal.DefaultFileLockManager] Waiting to acquire exclusive lock on daemon addresses registry.
11:48:55.649 [DEBUG] [org.gradle.cache.internal.DefaultFileLockManager] Lock acquired.
11:48:55.651 [DEBUG] [org.gradle.cache.internal.DefaultFileLockManager] Releasing lock on daemon addresses registry.
11:48:55.651 [DEBUG] [org.gradle.launcher.daemon.server.DaemonStateCoordinator] updating lastActivityAt to 1462474135651
11:48:55.651 [DEBUG] [org.gradle.launcher.daemon.server.DaemonStateCoordinator] Daemon is busy, sleeping until state changes.
11:48:55.659 [INFO] [org.gradle.launcher.daemon.server.exec.StartBuildOrRespondWithBusy] Daemon is about to start building Build{id=0eb4faa7-7992-4a74-b34b-be68f49de57c.1, currentDir=C:\Users\IEUser\Documents\ftc_app}. Dispatching build started information...
11:48:55.660 [DEBUG] [org.gradle.launcher.daemon.server.SynchronizedDispatchConnection] thread 15: dispatching class org.gradle.launcher.daemon.protocol.BuildStarted
11:48:55.733 [DEBUG] [org.gradle.launcher.daemon.server.exec.EstablishBuildEnvironment] Configuring env variables: {USERPROFILE=C:\Users\IEUser, ProgramData=C:\ProgramData, PATHEXT=.COM;.EXE;.BAT;.CMD;.VBS;.VBE;.JS;.JSE;.WSF;.WSH;.MSC, JAVA_HOME=C:\Program Files\Java\jdk1.7.0_80, TEMP=C:\Users\IEUser\AppData\Local\Temp, SystemDrive=C:, ProgramFiles=C:\Program Files, Path=C:\ProgramData\Oracle\Java\javapath;C:\Windows\system32;C:\Windows;C:\Windows\System32\Wbem;C:\Windows\System32\WindowsPowerShell\v1.0\;C:\Program Files\Git\cmd, HOMEDRIVE=C:, PROCESSOR_REVISION=3c03, USERDOMAIN=IE11WIN7, ALLUSERSPROFILE=C:\ProgramData, PROCESSOR_IDENTIFIER=x86 Family 6 Model 60 Stepping 3, GenuineIntel, SESSIONNAME=Console, TMP=C:\Users\IEUser\AppData\Local\Temp, CommonProgramFiles=C:\Program Files\Common Files, =::=::\, LOGONSERVER=\\IE11WIN7, PROCESSOR_ARCHITECTURE=x86, FP_NO_HOST_CHECK=NO, OS=Windows_NT, HOMEPATH=\Users\IEUser, PROCESSOR_LEVEL=6, LOCALAPPDATA=C:\Users\IEUser\AppData\Local, COMPUTERNAME=IE11WIN7, windir=C:\Windows, SystemRoot=C:\Windows, NUMBER_OF_PROCESSORS=4, USERNAME=IEUser, PUBLIC=C:\Users\Public, PSModulePath=C:\Windows\system32\WindowsPowerShell\v1.0\Modules\, ANDROID_HOME=C:\Users\IEUser\AppData\Local\Android\android-sdk, ComSpec=C:\Windows\system32\cmd.exe, APPDATA=C:\Users\IEUser\AppData\Roaming}
11:48:55.745 [DEBUG] [org.gradle.launcher.daemon.server.exec.LogToClient] About to start relaying all logs to the client via the connection.
11:48:55.745 [INFO] [org.gradle.launcher.daemon.server.exec.LogToClient] The client will now receive all logging from the daemon (pid: 1828). The daemon log file: C:\Users\IEUser\.gradle\daemon\2.8\daemon-1828.out.log
11:48:55.745 [INFO] [org.gradle.launcher.daemon.server.health.DaemonHealthTracker] Starting 2nd build in daemon [uptime: 52.593 secs, performance: 99%, memory: 8% of 1.0 GB]
11:48:55.746 [DEBUG] [org.gradle.launcher.daemon.server.exec.ExecuteBuild] The daemon has started executing the build.
11:48:55.746 [INFO] [org.gradle.launcher.daemon.server.exec.ExecuteBuild] Executing build with daemon context: DefaultDaemonContext[uid=ca367b15-dc76-453c-a72c-8cc41098828e,javaHome=C:\Program Files\Java\jdk1.7.0_80,daemonRegistryDir=C:\Users\IEUser\.gradle\daemon,pid=1828,idleTimeout=10800000,daemonOpts=-XX:MaxPermSize=256m,-XX:+HeapDumpOnOutOfMemoryError,-Xmx1024m,-Dfile.encoding=windows-1252,-Duser.country=US,-Duser.language=en,-Duser.variant]
Configuration on demand is an incubating feature.
:FtcRobotController:preBuild UP-TO-DATE
:FtcRobotController:preDebugBuild UP-TO-DATE
:FtcRobotController:checkDebugManifest
:FtcRobotController:preReleaseBuild UP-TO-DATE
:FtcRobotController:prepareAnalyticsReleaseLibrary
:FtcRobotController:prepareFtcCommonReleaseLibrary
:FtcRobotController:prepareHardwareReleaseLibrary
:FtcRobotController:prepareModernRoboticsReleaseLibrary
:FtcRobotController:prepareRobotCoreReleaseLibrary
:FtcRobotController:prepareWirelessP2pReleaseLibrary
:FtcRobotController:prepareDebugDependencies
:FtcRobotController:compileDebugAidl
:FtcRobotController:compileDebugRenderscript
:FtcRobotController:generateDebugBuildConfig
:FtcRobotController:generateDebugAssets UP-TO-DATE
:FtcRobotController:mergeDebugAssets
:FtcRobotController:generateDebugResValues
:FtcRobotController:generateDebugResources
:FtcRobotController:mergeDebugResources
:FtcRobotController:processDebugManifest
:FtcRobotController:processDebugResources
:FtcRobotController:generateDebugSources
:FtcRobotController:preDebugAndroidTestBuild UP-TO-DATE
:FtcRobotController:prepareDebugAndroidTestDependencies
:FtcRobotController:compileDebugAndroidTestAidl
:FtcRobotController:processDebugAndroidTestManifest
:FtcRobotController:compileDebugAndroidTestRenderscript
:FtcRobotController:generateDebugAndroidTestBuildConfig
:FtcRobotController:generateDebugAndroidTestAssets UP-TO-DATE
:FtcRobotController:mergeDebugAndroidTestAssets
:FtcRobotController:generateDebugAndroidTestResValues
:FtcRobotController:generateDebugAndroidTestResources
:FtcRobotController:mergeDebugAndroidTestResources
:FtcRobotController:processDebugAndroidTestResources
:FtcRobotController:generateDebugAndroidTestSources

BUILD SUCCESSFUL

Total time: 4.06 secs
11:48:59.632 [DEBUG] [org.gradle.cache.internal.DefaultFileLockManager] Releasing lock on cp_init class cache for initialization script 'C:\Users\IEUser\AppData\Local\Temp\asLocalRepo1.gradle' (C:\Users\IEUser\.gradle\caches\2.8\scripts\asLocalRepo1_5ubr2gmirnrh2uyi46j45pk9t\cp_init).
11:48:59.632 [DEBUG] [org.gradle.cache.internal.DefaultFileLockManager] Releasing lock on init class cache for initialization script 'C:\Users\IEUser\AppData\Local\Temp\asLocalRepo1.gradle' (C:\Users\IEUser\.gradle\caches\2.8\scripts\asLocalRepo1_5ubr2gmirnrh2uyi46j45pk9t\init).
11:48:59.632 [DEBUG] [org.gradle.cache.internal.DefaultFileLockManager] Releasing lock on cp_settings class cache for settings file 'C:\Users\IEUser\Documents\ftc_app\settings.gradle' (C:\Users\IEUser\.gradle\caches\2.8\scripts\settings_7b1m3ckbdkcnoqx8sjh88fxop\cp_settings).
11:48:59.633 [DEBUG] [org.gradle.cache.internal.DefaultFileLockManager] Releasing lock on settings class cache for settings file 'C:\Users\IEUser\Documents\ftc_app\settings.gradle' (C:\Users\IEUser\.gradle\caches\2.8\scripts\settings_7b1m3ckbdkcnoqx8sjh88fxop\settings).
11:48:59.633 [DEBUG] [org.gradle.cache.internal.DefaultFileLockManager] Releasing lock on cp_proj class cache for build file 'C:\Users\IEUser\Documents\ftc_app\build.gradle' (C:\Users\IEUser\.gradle\caches\2.8\scripts\build_49vkovoyqh2cvus9e0arui9m8\cp_proj).
11:48:59.633 [DEBUG] [org.gradle.cache.internal.DefaultFileLockManager] Releasing lock on proj class cache for build file 'C:\Users\IEUser\Documents\ftc_app\build.gradle' (C:\Users\IEUser\.gradle\caches\2.8\scripts\build_49vkovoyqh2cvus9e0arui9m8\proj).
11:48:59.633 [DEBUG] [org.gradle.cache.internal.DefaultFileLockManager] Releasing lock on cp_proj class cache for build file 'C:\Users\IEUser\Documents\ftc_app\FtcRobotController\build.gradle' (C:\Users\IEUser\.gradle\caches\2.8\scripts\build_7dlynzzvirl6lz38ag46xjup2\cp_proj).
11:48:59.633 [DEBUG] [org.gradle.cache.internal.DefaultFileLockManager] Releasing lock on proj class cache for build file 'C:\Users\IEUser\Documents\ftc_app\FtcRobotController\build.gradle' (C:\Users\IEUser\.gradle\caches\2.8\scripts\build_7dlynzzvirl6lz38ag46xjup2\proj).
11:48:59.635 [DEBUG] [org.gradle.cache.internal.btree.BTreePersistentIndexedCache] Closing cache taskArtifacts.bin (C:\Users\IEUser\Documents\ftc_app\.gradle\2.8\taskArtifacts\taskArtifacts.bin)
11:48:59.635 [DEBUG] [org.gradle.cache.internal.btree.BTreePersistentIndexedCache] Closing cache fileSnapshots.bin (C:\Users\IEUser\Documents\ftc_app\.gradle\2.8\taskArtifacts\fileSnapshots.bin)
11:48:59.635 [DEBUG] [org.gradle.cache.internal.btree.BTreePersistentIndexedCache] Closing cache fileHashes.bin (C:\Users\IEUser\Documents\ftc_app\.gradle\2.8\taskArtifacts\fileHashes.bin)
11:48:59.635 [DEBUG] [org.gradle.cache.internal.btree.BTreePersistentIndexedCache] Closing cache outputFileStates.bin (C:\Users\IEUser\Documents\ftc_app\.gradle\2.8\taskArtifacts\outputFileStates.bin)
11:48:59.635 [DEBUG] [org.gradle.cache.internal.DefaultFileLockManager] Releasing lock on task history cache (C:\Users\IEUser\Documents\ftc_app\.gradle\2.8\taskArtifacts).
11:48:59.636 [DEBUG] [org.gradle.cache.internal.DefaultCacheAccess] Cache jars (C:\Users\IEUser\.gradle\caches\jars-1) was closed 0 times.
11:48:59.636 [DEBUG] [org.gradle.api.internal.artifacts.ivyservice.resolveengine.store.CachedStoreFactory] Resolved configuration cache closed. Cache reads: 0, disk reads: 0 (avg: 0.0 secs, total: 0.0 secs)
11:48:59.638 [DEBUG] [org.gradle.api.internal.artifacts.ivyservice.resolveengine.store.CachedStoreFactory] Resolution result cache closed. Cache reads: 0, disk reads: 4 (avg: 0.0 secs, total: 0.001 secs)
11:48:59.638 [DEBUG] [org.gradle.api.internal.artifacts.ivyservice.resolveengine.store.ResolutionResultsStoreFactory] Deleted 2 resolution results binary files in 0.002 secs
11:48:59.638 [DEBUG] [org.gradle.api.internal.artifacts.ivyservice.ivyresolve.memcache.InMemoryCachedRepositoryFactory] In-memory dependency metadata cache closed. Repos cached: 24, cache instances: 4, modules served from cache: 171, artifacts: 59
11:48:59.638 [DEBUG] [org.gradle.cache.internal.btree.BTreePersistentIndexedCache] Closing cache module-metadata.bin (C:\Users\IEUser\.gradle\caches\modules-2\metadata-2.16\module-metadata.bin)
11:48:59.638 [DEBUG] [org.gradle.cache.internal.btree.BTreePersistentIndexedCache] Closing cache artifact-at-repository.bin (C:\Users\IEUser\.gradle\caches\modules-2\metadata-2.16\artifact-at-repository.bin)
11:48:59.638 [DEBUG] [org.gradle.cache.internal.DefaultFileLockManager] Releasing lock on artifact cache (C:\Users\IEUser\.gradle\caches\modules-2).
11:48:59.639 [DEBUG] [org.gradle.cache.internal.DefaultCacheAccess] Cache Plugin Resolution Cache (C:\Users\IEUser\.gradle\caches\2.8\plugin-resolution) was closed 0 times.
11:48:59.639 [DEBUG] [org.gradle.api.internal.tasks.compile.daemon.CompilerDaemonManager] Stopping 0 compiler daemon(s).
11:48:59.639 [INFO] [org.gradle.api.internal.tasks.compile.daemon.CompilerDaemonManager] Stopped 0 compiler daemon(s).
11:48:59.639 [DEBUG] [org.gradle.launcher.daemon.server.exec.ExecuteBuild] The daemon has finished executing the build.
11:48:59.641 [DEBUG] [org.gradle.launcher.daemon.server.DaemonStateCoordinator] Command execution: finished waiting for DaemonCommandExecution[command = Build{id=0eb4faa7-7992-4a74-b34b-be68f49de57c.1, currentDir=C:\Users\IEUser\Documents\ftc_app}, connection = org.gradle.launcher.daemon.server.DefaultDaemonConnection@192f0af]. Result org.gradle.launcher.daemon.server.DaemonStateCoordinator@16bf842 with state Running
11:48:59.642 [DEBUG] [org.gradle.launcher.daemon.server.DaemonStateCoordinator] Command execution: completed DaemonCommandExecution[command = Build{id=0eb4faa7-7992-4a74-b34b-be68f49de57c.1, currentDir=C:\Users\IEUser\Documents\ftc_app}, connection = org.gradle.launcher.daemon.server.DefaultDaemonConnection@192f0af]
11:48:59.642 [DEBUG] [org.gradle.launcher.daemon.server.DaemonStateCoordinator] updating lastActivityAt to 1462474139642
11:48:59.643 [INFO] [org.gradle.launcher.daemon.server.DomainRegistryUpdater] Marking the daemon as idle, address: [f6dfe09d-4cc2-4e0a-b67c-50c8e05aa918 port:57193, addresses:[/127.0.0.1, /0:0:0:0:0:0:0:1]]
11:48:59.643 [DEBUG] [org.gradle.launcher.daemon.registry.PersistentDaemonRegistry] Marking idle by address: [f6dfe09d-4cc2-4e0a-b67c-50c8e05aa918 port:57193, addresses:[/127.0.0.1, /0:0:0:0:0:0:0:1]]
11:48:59.643 [DEBUG] [org.gradle.cache.internal.DefaultFileLockManager] Waiting to acquire exclusive lock on daemon addresses registry.
11:48:59.643 [DEBUG] [org.gradle.cache.internal.DefaultFileLockManager] Lock acquired.
11:48:59.644 [DEBUG] [org.gradle.cache.internal.DefaultFileLockManager] Releasing lock on daemon addresses registry.
11:48:59.645 [DEBUG] [org.gradle.launcher.daemon.server.exec.ReturnResult] Daemon is dispatching the build result: Success[value=org.gradle.tooling.internal.provider.BuildActionResult@1c1d836]
11:48:59.645 [DEBUG] [org.gradle.launcher.daemon.server.DaemonStateCoordinator] Daemon is idle, sleeping until state change or idle timeout at Thu May 05 14:48:59 PDT 2016
11:48:59.645 [DEBUG] [org.gradle.launcher.daemon.server.SynchronizedDispatchConnection] thread 12: dispatching class org.gradle.launcher.daemon.protocol.Success
11:48:59.647 [DEBUG] [org.gradle.launcher.daemon.server.DefaultIncomingConnectionHandler] Finishing executing command: Build{id=0eb4faa7-7992-4a74-b34b-be68f49de57c.1, currentDir=C:\Users\IEUser\Documents\ftc_app}
11:48:59.649 [DEBUG] [org.gradle.launcher.daemon.server.SynchronizedDispatchConnection] thread 18: received class org.gradle.launcher.daemon.protocol.Finished
11:48:59.649 [DEBUG] [org.gradle.launcher.daemon.server.DefaultDaemonConnection] Received non-IO message from client: org.gradle.launcher.daemon.protocol.Finished@1401b4e
11:48:59.649 [DEBUG] [org.gradle.messaging.remote.internal.inet.SocketConnection] Discarding EOFException: java.io.EOFException
11:48:59.649 [DEBUG] [org.gradle.launcher.daemon.server.SynchronizedDispatchConnection] thread 18: received null
11:48:59.649 [DEBUG] [org.gradle.launcher.daemon.server.DefaultDaemonConnection] Received end-of-input from client.
11:48:59.654 [DEBUG] [org.gradle.launcher.daemon.server.DefaultIncomingConnectionHandler] Received finished message: null
11:48:59.654 [DEBUG] [org.gradle.launcher.daemon.server.SynchronizedDispatchConnection] thread 12: stopping connection
11:48:59.659 [DEBUG] [org.gradle.launcher.daemon.server.SynchronizedDispatchConnection] thread 12: stopping connection
12:03:02.121 [DEBUG] [org.gradle.messaging.remote.internal.inet.TcpIncomingConnector] Accepted connection from /127.0.0.1:58108 to /127.0.0.1:57193.
12:03:02.129 [DEBUG] [org.gradle.launcher.daemon.server.SynchronizedDispatchConnection] thread 67: received class org.gradle.launcher.daemon.protocol.StopWhenIdle
12:03:02.130 [DEBUG] [org.gradle.launcher.daemon.server.DefaultDaemonConnection] Received non-IO message from client: StopWhenIdle[id=dfaff7a5-96dd-4395-bf60-81ff74de530c.1]
12:03:02.130 [INFO] [org.gradle.launcher.daemon.server.DefaultIncomingConnectionHandler] Received command: StopWhenIdle[id=dfaff7a5-96dd-4395-bf60-81ff74de530c.1].
12:03:02.130 [DEBUG] [org.gradle.launcher.daemon.server.DefaultIncomingConnectionHandler] Starting executing command: StopWhenIdle[id=dfaff7a5-96dd-4395-bf60-81ff74de530c.1] with connection: socket connection from /127.0.0.1:57193 to /127.0.0.1:58108.
12:03:02.130 [DEBUG] [org.gradle.launcher.daemon.server.DaemonStateCoordinator] Stop as soon as idle requested. The daemon is busy: false
12:03:02.130 [DEBUG] [org.gradle.launcher.daemon.server.DaemonStateCoordinator] Marking daemon stopped due to stop requested and daemon idle. The daemon is running a build: false
12:03:02.130 [DEBUG] [org.gradle.launcher.daemon.server.SynchronizedDispatchConnection] thread 66: dispatching class org.gradle.launcher.daemon.protocol.Success
12:03:02.130 [DEBUG] [org.gradle.launcher.daemon.server.DaemonStateCoordinator] Idle timeout: daemon has stopped.
12:03:02.131 [DEBUG] [org.gradle.launcher.daemon.server.Daemon] stop() called on daemon
12:03:02.131 [INFO] [org.gradle.launcher.daemon.server.Daemon] Stop requested. Daemon is removing its presence from the registry...
12:03:02.131 [DEBUG] [org.gradle.launcher.daemon.server.DefaultIncomingConnectionHandler] Finishing executing command: StopWhenIdle[id=dfaff7a5-96dd-4395-bf60-81ff74de530c.1]
12:03:02.131 [DEBUG] [org.gradle.launcher.daemon.server.DomainRegistryUpdater] Removing our presence to clients, eg. removing this address from the registry: [f6dfe09d-4cc2-4e0a-b67c-50c8e05aa918 port:57193, addresses:[/127.0.0.1, /0:0:0:0:0:0:0:1]]
12:03:02.131 [DEBUG] [org.gradle.launcher.daemon.registry.PersistentDaemonRegistry] Removing daemon address: [f6dfe09d-4cc2-4e0a-b67c-50c8e05aa918 port:57193, addresses:[/127.0.0.1, /0:0:0:0:0:0:0:1]]
12:03:02.132 [DEBUG] [org.gradle.cache.internal.DefaultFileLockManager] Waiting to acquire exclusive lock on daemon addresses registry.
12:03:02.133 [DEBUG] [org.gradle.cache.internal.DefaultFileLockManager] Lock acquired.
12:03:02.133 [DEBUG] [org.gradle.launcher.daemon.server.SynchronizedDispatchConnection] thread 67: received class org.gradle.launcher.daemon.protocol.Finished
12:03:02.133 [DEBUG] [org.gradle.launcher.daemon.server.DefaultDaemonConnection] Received non-IO message from client: org.gradle.launcher.daemon.protocol.Finished@e8329e
12:03:02.133 [DEBUG] [org.gradle.messaging.remote.internal.inet.SocketConnection] Discarding EOFException: java.io.EOFException
12:03:02.133 [DEBUG] [org.gradle.launcher.daemon.server.SynchronizedDispatchConnection] thread 67: received null
12:03:02.133 [DEBUG] [org.gradle.launcher.daemon.server.DefaultDaemonConnection] Received end-of-input from client.
12:03:02.133 [DEBUG] [org.gradle.launcher.daemon.server.DefaultIncomingConnectionHandler] Received finished message: org.gradle.launcher.daemon.protocol.Finished@e8329e
12:03:02.133 [DEBUG] [org.gradle.launcher.daemon.server.SynchronizedDispatchConnection] thread 66: stopping connection
12:03:02.133 [DEBUG] [org.gradle.cache.internal.DefaultFileLockManager] Releasing lock on daemon addresses registry.
12:03:02.133 [DEBUG] [org.gradle.launcher.daemon.server.DomainRegistryUpdater] Address removed from registry.
12:03:02.136 [DEBUG] [org.gradle.launcher.daemon.server.SynchronizedDispatchConnection] thread 66: stopping connection
12:03:02.137 [DEBUG] [org.gradle.launcher.daemon.registry.PersistentDaemonRegistry] Removing daemon address: [f6dfe09d-4cc2-4e0a-b67c-50c8e05aa918 port:57193, addresses:[/127.0.0.1, /0:0:0:0:0:0:0:1]]
12:03:02.137 [DEBUG] [org.gradle.cache.internal.DefaultFileLockManager] Waiting to acquire exclusive lock on daemon addresses registry.
12:03:02.137 [DEBUG] [org.gradle.cache.internal.DefaultFileLockManager] Lock acquired.
12:03:02.138 [DEBUG] [org.gradle.cache.internal.DefaultFileLockManager] Releasing lock on daemon addresses registry.
Daemon vm is shutting down... The daemon has exited normally or was terminated in response to a user interrupt.
